# JRE version: Java(TM) SE Runtime Environment (8.0-b132) (build 1.8.0-b132)
# Java VM: Java HotSpot(TM) 64-Bit Server VM (25.0-b70 mixed mode windows-amd64 compressed oops)
Heap:
 PSYoungGen      total 206848K, used 116721K [0x00000000eab00000, 0x00000000f8600000, 0x0000000100000000)
  eden space 190464K, 61% used [0x00000000eab00000,0x00000000f1cfc7e0,0x00000000f6500000)
  from space 16384K, 0% used [0x00000000f7600000,0x00000000f7600000,0x00000000f8600000)
  to   space 16896K, 0% used [0x00000000f6500000,0x00000000f6500000,0x00000000f7580000)
 ParOldGen       total 110592K, used 57233K [0x00000000c0000000, 0x00000000c6c00000, 0x00000000eab00000)
  object space 110592K, 51% used [0x00000000c0000000,0x00000000c37e46f8,0x00000000c6c00000)
 Metaspace       used 67324K, capacity 78644K, committed 79792K, reserved 1118208K
  class space    used 9182K, capacity 9946K, committed 10416K, reserved 1048576K
GC Heap History (10 events):
Event: 341860.840 GC heap before
{Heap before GC invocations=295 (full 76):
 PSYoungGen      total 188416K, used 1040K [0x00000000eab00000, 0x00000000f8680000, 0x0000000100000000)
  eden space 186880K, 0% used [0x00000000eab00000,0x00000000eab00000,0x00000000f6180000)
  from space 1536K, 67% used [0x00000000f6180000,0x00000000f6284010,0x00000000f6300000)
  to   space 18944K, 0% used [0x00000000f7400000,0x00000000f7400000,0x00000000f8680000)
 ParOldGen       total 110592K, used 57955K [0x00000000c0000000, 0x00000000c6c00000, 0x00000000eab00000)
  object space 110592K, 52% used [0x00000000c0000000,0x00000000c3898d38,0x00000000c6c00000)
 Metaspace       used 67821K, capacity 78986K, committed 79536K, reserved 1118208K
  class space    used 9239K, capacity 10025K, committed 10416K, reserved 1048576K
Event: 341861.922 GC heap after
Heap after GC invocations=295 (full 76):
 PSYoungGen      total 188416K, used 0K [0x00000000eab00000, 0x00000000f8680000, 0x0000000100000000)
  eden space 186880K, 0% used [0x00000000eab00000,0x00000000eab00000,0x00000000f6180000)
  from space 1536K, 0% used [0x00000000f6180000,0x00000000f6180000,0x00000000f6300000)
  to   space 18944K, 0% used [0x00000000f7400000,0x00000000f7400000,0x00000000f8680000)
 ParOldGen       total 110592K, used 57589K [0x00000000c0000000, 0x00000000c6c00000, 0x00000000eab00000)
  object space 110592K, 52% used [0x00000000c0000000,0x00000000c383d4e8,0x00000000c6c00000)
 Metaspace       used 67196K, capacity 78288K, committed 79536K, reserved 1118208K
  class space    used 9157K, capacity 9920K, committed 10416K, reserved 1048576K
}
Event: 342678.553 GC heap before
{Heap before GC invocations=296 (full 76):
 PSYoungGen      total 188416K, used 186880K [0x00000000eab00000, 0x00000000f8680000, 0x0000000100000000)
  eden space 186880K, 100% used [0x00000000eab00000,0x00000000f6180000,0x00000000f6180000)
  from space 1536K, 0% used [0x00000000f6180000,0x00000000f6180000,0x00000000f6300000)
  to   space 18944K, 0% used [0x00000000f7400000,0x00000000f7400000,0x00000000f8680000)
 ParOldGen       total 110592K, used 57589K [0x00000000c0000000, 0x00000000c6c00000, 0x00000000eab00000)
  object space 110592K, 52% used [0x00000000c0000000,0x00000000c383d4e8,0x00000000c6c00000)
 Metaspace       used 67250K, capacity 78460K, committed 79536K, reserved 1118208K
  class space    used 9169K, capacity 9932K, committed 10416K, reserved 1048576K
Event: 342678.724 GC heap after
Heap after GC invocations=296 (full 76):
 PSYoungGen      total 206848K, used 5406K [0x00000000eab00000, 0x00000000f8680000, 0x0000000100000000)
  eden space 187904K, 0% used [0x00000000eab00000,0x00000000eab00000,0x00000000f6280000)
  from space 18944K, 28% used [0x00000000f7400000,0x00000000f79478e0,0x00000000f8680000)
  to   space 17920K, 0% used [0x00000000f6280000,0x00000000f6280000,0x00000000f7400000)
 ParOldGen       total 110592K, used 57589K [0x00000000c0000000, 0x00000000c6c00000, 0x00000000eab00000)
  object space 110592K, 52% used [0x00000000c0000000,0x00000000c383d4e8,0x00000000c6c00000)
 Metaspace       used 67250K, capacity 78460K, committed 79536K, reserved 1118208K
  class space    used 9169K, capacity 9932K, committed 10416K, reserved 1048576K
}
Event: 342704.369 GC heap before
{Heap before GC invocations=297 (full 76):
 PSYoungGen      total 206848K, used 193310K [0x00000000eab00000, 0x00000000f8680000, 0x0000000100000000)
  eden space 187904K, 100% used [0x00000000eab00000,0x00000000f6280000,0x00000000f6280000)
  from space 18944K, 28% used [0x00000000f7400000,0x00000000f79478e0,0x00000000f8680000)
  to   space 17920K, 0% used [0x00000000f6280000,0x00000000f6280000,0x00000000f7400000)
 ParOldGen       total 110592K, used 57589K [0x00000000c0000000, 0x00000000c6c00000, 0x00000000eab00000)
  object space 110592K, 52% used [0x00000000c0000000,0x00000000c383d4e8,0x00000000c6c00000)
 Metaspace       used 67904K, capacity 79170K, committed 79792K, reserved 1118208K
  class space    used 9252K, capacity 10039K, committed 10416K, reserved 1048576K
Event: 342704.578 GC heap after
Heap after GC invocations=297 (full 76):
 PSYoungGen      total 205824K, used 6520K [0x00000000eab00000, 0x00000000f8700000, 0x0000000100000000)
  eden space 187904K, 0% used [0x00000000eab00000,0x00000000eab00000,0x00000000f6280000)
  from space 17920K, 36% used [0x00000000f6280000,0x00000000f68de298,0x00000000f7400000)
  to   space 17408K, 0% used [0x00000000f7600000,0x00000000f7600000,0x00000000f8700000)
 ParOldGen       total 110592K, used 57597K [0x00000000c0000000, 0x00000000c6c00000, 0x00000000eab00000)
  object space 110592K, 52% used [0x00000000c0000000,0x00000000c383f4e8,0x00000000c6c00000)
 Metaspace       used 67904K, capacity 79170K, committed 79792K, reserved 1118208K
  class space    used 9252K, capacity 10039K, committed 10416K, reserved 1048576K
}
Event: 342705.160 GC heap before
{Heap before GC invocations=298 (full 76):
 PSYoungGen      total 205824K, used 16444K [0x00000000eab00000, 0x00000000f8700000, 0x0000000100000000)
  eden space 187904K, 5% used [0x00000000eab00000,0x00000000eb4b0f48,0x00000000f6280000)
  from space 17920K, 36% used [0x00000000f6280000,0x00000000f68de298,0x00000000f7400000)
  to   space 17408K, 0% used [0x00000000f7600000,0x00000000f7600000,0x00000000f8700000)
 ParOldGen       total 110592K, used 57597K [0x00000000c0000000, 0x00000000c6c00000, 0x00000000eab00000)
  object space 110592K, 52% used [0x00000000c0000000,0x00000000c383f4e8,0x00000000c6c00000)
 Metaspace       used 67906K, capacity 79170K, committed 79792K, reserved 1118208K
  class space    used 9252K, capacity 10039K, committed 10416K, reserved 1048576K
Event: 342705.166 GC heap after
Heap after GC invocations=298 (full 76):
 PSYoungGen      total 206848K, used 912K [0x00000000eab00000, 0x00000000f8600000, 0x0000000100000000)
  eden space 190464K, 0% used [0x00000000eab00000,0x00000000eab00000,0x00000000f6500000)
  from space 16384K, 5% used [0x00000000f7600000,0x00000000f76e4010,0x00000000f8600000)
  to   space 16896K, 0% used [0x00000000f6500000,0x00000000f6500000,0x00000000f7580000)
 ParOldGen       total 110592K, used 57597K [0x00000000c0000000, 0x00000000c6c00000, 0x00000000eab00000)
  object space 110592K, 52% used [0x00000000c0000000,0x00000000c383f4e8,0x00000000c6c00000)
 Metaspace       used 67906K, capacity 79170K, committed 79792K, reserved 1118208K
  class space    used 9252K, capacity 10039K, committed 10416K, reserved 1048576K
}
Event: 342705.167 GC heap before
{Heap before GC invocations=299 (full 77):
 PSYoungGen      total 206848K, used 912K [0x00000000eab00000, 0x00000000f8600000, 0x0000000100000000)
  eden space 190464K, 0% used [0x00000000eab00000,0x00000000eab00000,0x00000000f6500000)
  from space 16384K, 5% used [0x00000000f7600000,0x00000000f76e4010,0x00000000f8600000)
  to   space 16896K, 0% used [0x00000000f6500000,0x00000000f6500000,0x00000000f7580000)
 ParOldGen       total 110592K, used 57597K [0x00000000c0000000, 0x00000000c6c00000, 0x00000000eab00000)
  object space 110592K, 52% used [0x00000000c0000000,0x00000000c383f4e8,0x00000000c6c00000)
 Metaspace       used 67906K, capacity 79170K, committed 79792K, reserved 1118208K
  class space    used 9252K, capacity 10039K, committed 10416K, reserved 1048576K
Event: 342706.701 GC heap after
Heap after GC invocations=299 (full 77):
 PSYoungGen      total 206848K, used 0K [0x00000000eab00000, 0x00000000f8600000, 0x0000000100000000)
  eden space 190464K, 0% used [0x00000000eab00000,0x00000000eab00000,0x00000000f6500000)
  from space 16384K, 0% used [0x00000000f7600000,0x00000000f7600000,0x00000000f8600000)
  to   space 16896K, 0% used [0x00000000f6500000,0x00000000f6500000,0x00000000f7580000)
 ParOldGen       total 110592K, used 57233K [0x00000000c0000000, 0x00000000c6c00000, 0x00000000eab00000)
  object space 110592K, 51% used [0x00000000c0000000,0x00000000c37e46f8,0x00000000c6c00000)
 Metaspace       used 67270K, capacity 78472K, committed 79792K, reserved 1118208K
  class space    used 9170K, capacity 9934K, committed 10416K, reserved 1048576K
}

